{"level":"info","message":"App is listening on url http://localhost:8080","timestamp":"2020-11-16T11:59:56.620Z"}
{"level":"info","message":"MongoDb connected successfuly...","timestamp":"2020-11-16T11:59:56.647Z"}{"level":"info","message":"App is listening on url http://localhost:8000","timestamp":"2021-05-23T13:55:04.239Z"}
{"level":"info","message":"MongoDb connected successfuly...","timestamp":"2021-05-23T13:55:04.309Z"}
{"level":"info","message":"App is listening on url http://localhost:8000","timestamp":"2021-05-23T13:59:11.076Z"}
{"level":"info","message":"MongoDb connected successfuly...","timestamp":"2021-05-23T13:59:11.160Z"}
{"level":"info","message":"Server is running at: http://localhost:8000","timestamp":"2021-05-23T13:59:56.202Z"}
{"level":"info","message":"MongoDb connected successfuly...","timestamp":"2021-05-23T13:59:56.246Z"}
{"level":"info","message":"Server is running at: http://localhost:8000","timestamp":"2021-05-23T17:27:49.344Z"}
{"message":"connect ECONNREFUSED 127.0.0.1:27017","stack":"MongooseServerSelectionError: connect ECONNREFUSED 127.0.0.1:27017\n    at NativeConnection.Connection.openUri (E:\\CRUD App\\node_modules\\mongoose\\lib\\connection.js:846:32)\n    at E:\\CRUD App\\node_modules\\mongoose\\lib\\index.js:351:10\n    at E:\\CRUD App\\node_modules\\mongoose\\lib\\helpers\\promiseOrCallback.js:31:5\n    at new Promise (<anonymous>)\n    at promiseOrCallback (E:\\CRUD App\\node_modules\\mongoose\\lib\\helpers\\promiseOrCallback.js:30:10)\n    at Mongoose._promiseOrCallback (E:\\CRUD App\\node_modules\\mongoose\\lib\\index.js:1149:10)\n    at Mongoose.connect (E:\\CRUD App\\node_modules\\mongoose\\lib\\index.js:350:20)\n    at module.exports (E:\\CRUD App\\startup\\db.js:5:14)\n    at Object.<anonymous> (E:\\CRUD App\\server.js:12:24)\n    at Module._compile (internal/modules/cjs/loader.js:1063:30)\n    at Object.Module._extensions..js (internal/modules/cjs/loader.js:1092:10)\n    at Module.load (internal/modules/cjs/loader.js:928:32)\n    at Function.Module._load (internal/modules/cjs/loader.js:769:14)\n    at Function.executeUserEntryPoint [as runMain] (internal/modules/run_main.js:72:12)\n    at internal/main/run_main_module.js:17:47","reason":{"type":"Single","setName":null,"maxSetVersion":null,"maxElectionId":null,"servers":{},"stale":false,"compatible":true,"compatibilityError":null,"logicalSessionTimeoutMinutes":null,"heartbeatFrequencyMS":10000,"localThresholdMS":15,"commonWireVersion":null},"level":"error","timestamp":"2021-05-23T17:28:19.319Z"}
{"level":"info","message":"Server is running at: http://localhost:8000","timestamp":"2021-05-23T17:31:29.607Z"}
{"level":"info","message":"MongoDb connected successfuly...","timestamp":"2021-05-23T17:31:29.654Z"}
{"level":"info","message":"Server is running at: http://localhost:8000","timestamp":"2021-05-23T17:36:16.679Z"}
{"level":"info","message":"Database connected successfuly...","timestamp":"2021-05-23T17:36:16.730Z"}
{"level":"info","message":"Server is running at: http://localhost:8000","timestamp":"2021-05-23T17:42:07.158Z"}
{"level":"info","message":"Database connected successfuly...","timestamp":"2021-05-23T17:42:07.206Z"}
{"level":"info","message":"Server is running at: http://localhost:8000","timestamp":"2021-05-23T17:42:42.165Z"}
{"level":"info","message":"Database connected successfuly...","timestamp":"2021-05-23T17:42:42.237Z"}
{"level":"info","message":"Server is running at: http://localhost:8000","timestamp":"2021-05-23T17:46:51.572Z"}
{"level":"info","message":"Database connected successfuly...","timestamp":"2021-05-23T17:46:51.625Z"}
{"level":"info","message":"Server is running at: http://localhost:8000","timestamp":"2021-05-23T17:47:06.815Z"}
{"level":"info","message":"Database connected successfuly...","timestamp":"2021-05-23T17:47:06.871Z"}
{"level":"info","message":"Server is running at: http://localhost:8000","timestamp":"2021-05-23T17:47:22.932Z"}
{"level":"info","message":"Database connected successfuly...","timestamp":"2021-05-23T17:47:22.971Z"}
{"level":"info","message":"Server is running at: http://localhost:8000","timestamp":"2021-05-23T17:49:53.749Z"}
{"level":"info","message":"Database connected successfuly...","timestamp":"2021-05-23T17:49:53.803Z"}
{"level":"info","message":"Server is running at: http://localhost:8000","timestamp":"2021-05-23T18:08:18.577Z"}
{"level":"info","message":"Database connected successfuly...","timestamp":"2021-05-23T18:08:18.613Z"}
{"level":"info","message":"Server is running at: http://localhost:8000","timestamp":"2021-05-23T18:19:32.968Z"}
{"level":"info","message":"Database connected successfuly...","timestamp":"2021-05-23T18:19:33.017Z"}
{"level":"info","message":"Server is running at: http://localhost:8000","timestamp":"2021-05-23T18:49:29.826Z"}
{"level":"info","message":"Database connected successfuly...","timestamp":"2021-05-23T18:49:29.874Z"}
{"level":"info","message":"Server is running at: http://localhost:8000","timestamp":"2021-05-24T03:00:41.197Z"}
{"message":"connect ECONNREFUSED 127.0.0.1:27017","stack":"MongooseServerSelectionError: connect ECONNREFUSED 127.0.0.1:27017\n    at NativeConnection.Connection.openUri (E:\\CRUD App\\node_modules\\mongoose\\lib\\connection.js:846:32)\n    at E:\\CRUD App\\node_modules\\mongoose\\lib\\index.js:351:10\n    at E:\\CRUD App\\node_modules\\mongoose\\lib\\helpers\\promiseOrCallback.js:31:5\n    at new Promise (<anonymous>)\n    at promiseOrCallback (E:\\CRUD App\\node_modules\\mongoose\\lib\\helpers\\promiseOrCallback.js:30:10)\n    at Mongoose._promiseOrCallback (E:\\CRUD App\\node_modules\\mongoose\\lib\\index.js:1149:10)\n    at Mongoose.connect (E:\\CRUD App\\node_modules\\mongoose\\lib\\index.js:350:20)\n    at module.exports (E:\\CRUD App\\startup\\db.js:5:14)\n    at Object.<anonymous> (E:\\CRUD App\\server.js:12:24)\n    at Module._compile (internal/modules/cjs/loader.js:1063:30)\n    at Object.Module._extensions..js (internal/modules/cjs/loader.js:1092:10)\n    at Module.load (internal/modules/cjs/loader.js:928:32)\n    at Function.Module._load (internal/modules/cjs/loader.js:769:14)\n    at Function.executeUserEntryPoint [as runMain] (internal/modules/run_main.js:72:12)\n    at internal/main/run_main_module.js:17:47","reason":{"type":"Single","setName":null,"maxSetVersion":null,"maxElectionId":null,"servers":{},"stale":false,"compatible":true,"compatibilityError":null,"logicalSessionTimeoutMinutes":null,"heartbeatFrequencyMS":10000,"localThresholdMS":15,"commonWireVersion":null},"level":"error","timestamp":"2021-05-24T03:01:11.203Z"}
{"level":"info","message":"Server is running at: http://localhost:8000","timestamp":"2021-05-24T03:12:10.118Z"}
{"level":"info","message":"Database connected successfuly...","timestamp":"2021-05-24T03:12:10.163Z"}
{"level":"info","message":"Server is running at: http://localhost:8000","timestamp":"2021-05-27T07:42:47.357Z"}
{"level":"info","message":"Database connected successfuly...","timestamp":"2021-05-27T07:43:16.186Z"}
{"level":"info","message":"Server is running at: http://localhost:8000","timestamp":"2021-06-05T09:21:50.870Z"}
{"message":"connect ECONNREFUSED 127.0.0.1:27017","stack":"MongooseServerSelectionError: connect ECONNREFUSED 127.0.0.1:27017\n    at NativeConnection.Connection.openUri (E:\\CRUD App\\node_modules\\mongoose\\lib\\connection.js:846:32)\n    at E:\\CRUD App\\node_modules\\mongoose\\lib\\index.js:351:10\n    at E:\\CRUD App\\node_modules\\mongoose\\lib\\helpers\\promiseOrCallback.js:31:5\n    at new Promise (<anonymous>)\n    at promiseOrCallback (E:\\CRUD App\\node_modules\\mongoose\\lib\\helpers\\promiseOrCallback.js:30:10)\n    at Mongoose._promiseOrCallback (E:\\CRUD App\\node_modules\\mongoose\\lib\\index.js:1149:10)\n    at Mongoose.connect (E:\\CRUD App\\node_modules\\mongoose\\lib\\index.js:350:20)\n    at module.exports (E:\\CRUD App\\startup\\db.js:5:14)\n    at Object.<anonymous> (E:\\CRUD App\\server.js:12:24)\n    at Module._compile (internal/modules/cjs/loader.js:1063:30)\n    at Object.Module._extensions..js (internal/modules/cjs/loader.js:1092:10)\n    at Module.load (internal/modules/cjs/loader.js:928:32)\n    at Function.Module._load (internal/modules/cjs/loader.js:769:14)\n    at Function.executeUserEntryPoint [as runMain] (internal/modules/run_main.js:72:12)\n    at internal/main/run_main_module.js:17:47","reason":{"type":"Single","setName":null,"maxSetVersion":null,"maxElectionId":null,"servers":{},"stale":false,"compatible":true,"compatibilityError":null,"logicalSessionTimeoutMinutes":null,"heartbeatFrequencyMS":10000,"localThresholdMS":15,"commonWireVersion":null},"level":"error","timestamp":"2021-06-05T09:22:20.775Z"}
{"level":"info","message":"Server is running at: http://localhost:8000","timestamp":"2021-06-05T09:23:00.355Z"}
{"level":"info","message":"Database connected successfuly...","timestamp":"2021-06-05T09:23:00.419Z"}
{"level":"info","message":"Server is running at: http://localhost:8000","timestamp":"2021-06-06T09:55:07.077Z"}
{"message":"connect ECONNREFUSED 127.0.0.1:27017","stack":"MongooseServerSelectionError: connect ECONNREFUSED 127.0.0.1:27017\n    at NativeConnection.Connection.openUri (E:\\CRUD App\\node_modules\\mongoose\\lib\\connection.js:846:32)\n    at E:\\CRUD App\\node_modules\\mongoose\\lib\\index.js:351:10\n    at E:\\CRUD App\\node_modules\\mongoose\\lib\\helpers\\promiseOrCallback.js:31:5\n    at new Promise (<anonymous>)\n    at promiseOrCallback (E:\\CRUD App\\node_modules\\mongoose\\lib\\helpers\\promiseOrCallback.js:30:10)\n    at Mongoose._promiseOrCallback (E:\\CRUD App\\node_modules\\mongoose\\lib\\index.js:1149:10)\n    at Mongoose.connect (E:\\CRUD App\\node_modules\\mongoose\\lib\\index.js:350:20)\n    at module.exports (E:\\CRUD App\\startup\\db.js:5:14)\n    at Object.<anonymous> (E:\\CRUD App\\server.js:12:24)\n    at Module._compile (internal/modules/cjs/loader.js:1063:30)\n    at Object.Module._extensions..js (internal/modules/cjs/loader.js:1092:10)\n    at Module.load (internal/modules/cjs/loader.js:928:32)\n    at Function.Module._load (internal/modules/cjs/loader.js:769:14)\n    at Function.executeUserEntryPoint [as runMain] (internal/modules/run_main.js:72:12)\n    at internal/main/run_main_module.js:17:47","reason":{"type":"Single","setName":null,"maxSetVersion":null,"maxElectionId":null,"servers":{},"stale":false,"compatible":true,"compatibilityError":null,"logicalSessionTimeoutMinutes":null,"heartbeatFrequencyMS":10000,"localThresholdMS":15,"commonWireVersion":null},"level":"error","timestamp":"2021-06-06T09:55:37.049Z"}
{"level":"info","message":"Server is running at: http://localhost:8000","timestamp":"2021-06-06T09:55:40.448Z"}
{"message":"connect ECONNREFUSED 127.0.0.1:27017","stack":"MongooseServerSelectionError: connect ECONNREFUSED 127.0.0.1:27017\n    at NativeConnection.Connection.openUri (E:\\CRUD App\\node_modules\\mongoose\\lib\\connection.js:846:32)\n    at E:\\CRUD App\\node_modules\\mongoose\\lib\\index.js:351:10\n    at E:\\CRUD App\\node_modules\\mongoose\\lib\\helpers\\promiseOrCallback.js:31:5\n    at new Promise (<anonymous>)\n    at promiseOrCallback (E:\\CRUD App\\node_modules\\mongoose\\lib\\helpers\\promiseOrCallback.js:30:10)\n    at Mongoose._promiseOrCallback (E:\\CRUD App\\node_modules\\mongoose\\lib\\index.js:1149:10)\n    at Mongoose.connect (E:\\CRUD App\\node_modules\\mongoose\\lib\\index.js:350:20)\n    at module.exports (E:\\CRUD App\\startup\\db.js:5:14)\n    at Object.<anonymous> (E:\\CRUD App\\server.js:12:24)\n    at Module._compile (internal/modules/cjs/loader.js:1063:30)\n    at Object.Module._extensions..js (internal/modules/cjs/loader.js:1092:10)\n    at Module.load (internal/modules/cjs/loader.js:928:32)\n    at Function.Module._load (internal/modules/cjs/loader.js:769:14)\n    at Function.executeUserEntryPoint [as runMain] (internal/modules/run_main.js:72:12)\n    at internal/main/run_main_module.js:17:47","reason":{"type":"Single","setName":null,"maxSetVersion":null,"maxElectionId":null,"servers":{},"stale":false,"compatible":true,"compatibilityError":null,"logicalSessionTimeoutMinutes":null,"heartbeatFrequencyMS":10000,"localThresholdMS":15,"commonWireVersion":null},"level":"error","timestamp":"2021-06-06T09:56:10.427Z"}
{"level":"info","message":"Server is running at: http://localhost:8000","timestamp":"2021-06-10T04:56:36.905Z"}
{"message":"Operation `customers.find()` buffering timed out after 10000ms","stack":"MongooseError: Operation `customers.find()` buffering timed out after 10000ms\n    at Timeout.<anonymous> (E:\\CRUD App\\node_modules\\mongoose\\lib\\drivers\\node-mongodb-native\\collection.js:185:20)\n    at listOnTimeout (internal/timers.js:554:17)\n    at processTimers (internal/timers.js:497:7)","level":"error","timestamp":"2021-06-10T04:56:52.864Z"}
{"level":"info","message":"Server is running at: http://localhost:8000","timestamp":"2021-06-10T04:58:09.589Z"}
{"level":"info","message":"Database connected successfuly...","timestamp":"2021-06-10T04:58:09.626Z"}
{"level":"info","message":"Server is running at: http://localhost:8000","timestamp":"2021-06-14T09:54:00.880Z"}
{"message":"Operation `customers.find()` buffering timed out after 10000ms","stack":"MongooseError: Operation `customers.find()` buffering timed out after 10000ms\n    at Timeout.<anonymous> (E:\\CRUD App\\node_modules\\mongoose\\lib\\drivers\\node-mongodb-native\\collection.js:185:20)\n    at listOnTimeout (internal/timers.js:554:17)\n    at processTimers (internal/timers.js:497:7)","level":"error","timestamp":"2021-06-14T09:54:21.447Z"}
{"level":"info","message":"Server is running at: http://localhost:8000","timestamp":"2021-06-14T09:55:18.416Z"}
{"level":"info","message":"Database connected successfuly...","timestamp":"2021-06-14T09:55:18.470Z"}
